<?xml version="1.0" encoding="UTF-8"?>
<coverage generated="1618758853701" clover="3.2.0">
  <project timestamp="1618758853701" name="All files">
    <metrics statements="12" coveredstatements="9" conditionals="12" coveredconditionals="7" methods="2" coveredmethods="2" elements="26" coveredelements="18" complexity="0" loc="12" ncloc="12" packages="1" files="1" classes="1"/>
    <file name="index.js" path="/Users/cesargutierrezespitia/Development/bloinxapp/app/components/Margin/index.js">
      <metrics statements="12" coveredstatements="9" conditionals="12" coveredconditionals="7" methods="2" coveredmethods="2"/>
      <line num="5" count="1" type="stmt"/>
      <line num="6" count="1" type="cond" truecount="1" falsecount="1"/>
      <line num="19" count="1" type="stmt"/>
      <line num="26" count="1" type="stmt"/>
      <line num="30" count="1" type="stmt"/>
      <line num="32" count="1" type="stmt"/>
      <line num="34" count="1" type="cond" truecount="1" falsecount="1"/>
      <line num="35" count="0" type="stmt"/>
      <line num="37" count="1" type="cond" truecount="2" falsecount="2"/>
      <line num="38" count="0" type="stmt"/>
      <line num="40" count="1" type="cond" truecount="3" falsecount="1"/>
      <line num="41" count="0" type="stmt"/>
    </file>
  </project>
</coverage>
