{"/Users/cesargutierrezespitia/Development/bloinxapp/app/components/Margin/index.js": {"path":"/Users/cesargutierrezespitia/Development/bloinxapp/app/components/Margin/index.js","statementMap":{"0":{"start":{"line":5,"column":15},"end":{"line":24,"column":1}},"1":{"start":{"line":6,"column":17},"end":{"line":17,"column":4}},"2":{"start":{"line":19,"column":2},"end":{"line":23,"column":3}},"3":{"start":{"line":26,"column":0},"end":{"line":28,"column":1}},"4":{"start":{"line":30,"column":0},"end":{"line":45,"column":2}},"5":{"start":{"line":32,"column":25},"end":{"line":32,"column":49}},"6":{"start":{"line":34,"column":4},"end":{"line":36,"column":5}},"7":{"start":{"line":35,"column":6},"end":{"line":35,"column":64}},"8":{"start":{"line":37,"column":4},"end":{"line":39,"column":5}},"9":{"start":{"line":38,"column":6},"end":{"line":38,"column":144}},"10":{"start":{"line":40,"column":4},"end":{"line":42,"column":5}},"11":{"start":{"line":41,"column":6},"end":{"line":41,"column":126}}},"fnMap":{"0":{"name":"(anonymous_0)","decl":{"start":{"line":5,"column":15},"end":{"line":5,"column":16}},"loc":{"start":{"line":5,"column":39},"end":{"line":24,"column":1}},"line":5},"1":{"name":"(anonymous_1)","decl":{"start":{"line":31,"column":2},"end":{"line":31,"column":3}},"loc":{"start":{"line":31,"column":39},"end":{"line":43,"column":3}},"line":31}},"branchMap":{"0":{"loc":{"start":{"line":6,"column":35},"end":{"line":17,"column":3}},"type":"cond-expr","locations":[{"start":{"line":6,"column":63},"end":{"line":10,"column":3}},{"start":{"line":10,"column":6},"end":{"line":17,"column":3}}],"line":6},"1":{"loc":{"start":{"line":34,"column":4},"end":{"line":36,"column":5}},"type":"if","locations":[{"start":{"line":34,"column":4},"end":{"line":36,"column":5}},{"start":{"line":34,"column":4},"end":{"line":36,"column":5}}],"line":34},"2":{"loc":{"start":{"line":37,"column":4},"end":{"line":39,"column":5}},"type":"if","locations":[{"start":{"line":37,"column":4},"end":{"line":39,"column":5}},{"start":{"line":37,"column":4},"end":{"line":39,"column":5}}],"line":37},"3":{"loc":{"start":{"line":37,"column":7},"end":{"line":37,"column":75}},"type":"binary-expr","locations":[{"start":{"line":37,"column":7},"end":{"line":37,"column":43}},{"start":{"line":37,"column":47},"end":{"line":37,"column":75}}],"line":37},"4":{"loc":{"start":{"line":40,"column":4},"end":{"line":42,"column":5}},"type":"if","locations":[{"start":{"line":40,"column":4},"end":{"line":42,"column":5}},{"start":{"line":40,"column":4},"end":{"line":42,"column":5}}],"line":40},"5":{"loc":{"start":{"line":40,"column":7},"end":{"line":40,"column":86}},"type":"binary-expr","locations":[{"start":{"line":40,"column":7},"end":{"line":40,"column":43}},{"start":{"line":40,"column":47},"end":{"line":40,"column":86}}],"line":40}},"s":{"0":1,"1":1,"2":1,"3":1,"4":1,"5":1,"6":1,"7":0,"8":1,"9":0,"10":1,"11":0},"f":{"0":1,"1":1},"b":{"0":[1,0],"1":[0,1],"2":[0,1],"3":[1,0],"4":[0,1],"5":[1,1]},"_coverageSchema":"1a1c01bbd47fc00a2c39e90264f33305004495a9","hash":"2076ee169f5f5904cdb11fcaee51de82e4c25f47"}
}
